Setting client pid to {0}
SERVER: changeConfig: settings -> {0}
didOpen: {0}
hover: TextDocumentIdentifier [
  uri = "file:///home/lheinema/ws_fusetooling_dev/bla/src/main/resources/OSGI-INF/blueprint/blueprint.xml"
]
didChange: VersionedTextDocumentIdentifier [
  version = 2
  uri = "file:///home/lheinema/ws_fusetooling_dev/bla/src/main/resources/OSGI-INF/blueprint/blueprint.xml"
]
didChange: VersionedTextDocumentIdentifier [
  version = 3
  uri = "file:///home/lheinema/ws_fusetooling_dev/bla/src/main/resources/OSGI-INF/blueprint/blueprint.xml"
]
didChange: VersionedTextDocumentIdentifier [
  version = 4
  uri = "file:///home/lheinema/ws_fusetooling_dev/bla/src/main/resources/OSGI-INF/blueprint/blueprint.xml"
]
didChange: VersionedTextDocumentIdentifier [
  version = 5
  uri = "file:///home/lheinema/ws_fusetooling_dev/bla/src/main/resources/OSGI-INF/blueprint/blueprint.xml"
]
didChange: VersionedTextDocumentIdentifier [
  version = 6
  uri = "file:///home/lheinema/ws_fusetooling_dev/bla/src/main/resources/OSGI-INF/blueprint/blueprint.xml"
]
didChange: VersionedTextDocumentIdentifier [
  version = 7
  uri = "file:///home/lheinema/ws_fusetooling_dev/bla/src/main/resources/OSGI-INF/blueprint/blueprint.xml"
]
didChange: VersionedTextDocumentIdentifier [
  version = 8
  uri = "file:///home/lheinema/ws_fusetooling_dev/bla/src/main/resources/OSGI-INF/blueprint/blueprint.xml"
]
didChange: VersionedTextDocumentIdentifier [
  version = 9
  uri = "file:///home/lheinema/ws_fusetooling_dev/bla/src/main/resources/OSGI-INF/blueprint/blueprint.xml"
]
didChange: VersionedTextDocumentIdentifier [
  version = 10
  uri = "file:///home/lheinema/ws_fusetooling_dev/bla/src/main/resources/OSGI-INF/blueprint/blueprint.xml"
]
didChange: VersionedTextDocumentIdentifier [
  version = 11
  uri = "file:///home/lheinema/ws_fusetooling_dev/bla/src/main/resources/OSGI-INF/blueprint/blueprint.xml"
]
completion: file:///home/lheinema/ws_fusetooling_dev/bla/src/main/resources/OSGI-INF/blueprint/blueprint.xml
Error searching for corresponding node elements
org.xml.sax.SAXParseException; lineNumber: 38; columnNumber: 11; Elementtyp "route" muss mit dem entsprechenden Endtag "</route>" beendet werden.
	at com.sun.org.apache.xerces.internal.parsers.DOMParser.parse(DOMParser.java:257)
	at com.sun.org.apache.xerces.internal.jaxp.DocumentBuilderImpl.parse(DocumentBuilderImpl.java:339)
	at javax.xml.parsers.DocumentBuilder.parse(DocumentBuilder.java:121)
	at com.github.cameltooling.lsp.internal.parser.ParserFileHelper.hasElementFromCamelNamespace(ParserFileHelper.java:90)
	at com.github.cameltooling.lsp.internal.parser.ParserFileHelper.getCorrespondingCamelNodeForCompletion(ParserFileHelper.java:78)
	at com.github.cameltooling.lsp.internal.completion.CamelEndpointCompletionProcessor.getCompletions(CamelEndpointCompletionProcessor.java:50)
	at com.github.cameltooling.lsp.internal.CamelTextDocumentService.completion(CamelTextDocumentService.java:82)
	at sun.reflect.NativeMethodAccessorImpl.invoke0(Native Method)
	at sun.reflect.NativeMethodAccessorImpl.invoke(NativeMethodAccessorImpl.java:62)
	at sun.reflect.DelegatingMethodAccessorImpl.invoke(DelegatingMethodAccessorImpl.java:43)
	at java.lang.reflect.Method.invoke(Method.java:498)
	at org.eclipse.lsp4j.jsonrpc.services.GenericEndpoint.lambda$null$0(GenericEndpoint.java:51)
	at org.eclipse.lsp4j.jsonrpc.services.GenericEndpoint.request(GenericEndpoint.java:105)
	at org.eclipse.lsp4j.jsonrpc.RemoteEndpoint.handleRequest(RemoteEndpoint.java:210)
	at org.eclipse.lsp4j.jsonrpc.RemoteEndpoint.consume(RemoteEndpoint.java:146)
	at org.eclipse.lsp4j.jsonrpc.json.StreamMessageProducer.handleMessage(StreamMessageProducer.java:149)
	at org.eclipse.lsp4j.jsonrpc.json.StreamMessageProducer.listen(StreamMessageProducer.java:77)
	at org.eclipse.lsp4j.jsonrpc.json.ConcurrentMessageProcessor.run(ConcurrentMessageProcessor.java:84)
	at java.util.concurrent.Executors$RunnableAdapter.call(Executors.java:511)
	at java.util.concurrent.FutureTask.run(FutureTask.java:266)
	at java.util.concurrent.ThreadPoolExecutor.runWorker(ThreadPoolExecutor.java:1149)
	at java.util.concurrent.ThreadPoolExecutor$Worker.run(ThreadPoolExecutor.java:624)
	at java.lang.Thread.run(Thread.java:748)
didChange: VersionedTextDocumentIdentifier [
  version = 12
  uri = "file:///home/lheinema/ws_fusetooling_dev/bla/src/main/resources/OSGI-INF/blueprint/blueprint.xml"
]
didChange: VersionedTextDocumentIdentifier [
  version = 13
  uri = "file:///home/lheinema/ws_fusetooling_dev/bla/src/main/resources/OSGI-INF/blueprint/blueprint.xml"
]
didChange: VersionedTextDocumentIdentifier [
  version = 14
  uri = "file:///home/lheinema/ws_fusetooling_dev/bla/src/main/resources/OSGI-INF/blueprint/blueprint.xml"
]
didChange: VersionedTextDocumentIdentifier [
  version = 15
  uri = "file:///home/lheinema/ws_fusetooling_dev/bla/src/main/resources/OSGI-INF/blueprint/blueprint.xml"
]
didChange: VersionedTextDocumentIdentifier [
  version = 16
  uri = "file:///home/lheinema/ws_fusetooling_dev/bla/src/main/resources/OSGI-INF/blueprint/blueprint.xml"
]
didChange: VersionedTextDocumentIdentifier [
  version = 17
  uri = "file:///home/lheinema/ws_fusetooling_dev/bla/src/main/resources/OSGI-INF/blueprint/blueprint.xml"
]
didChange: VersionedTextDocumentIdentifier [
  version = 18
  uri = "file:///home/lheinema/ws_fusetooling_dev/bla/src/main/resources/OSGI-INF/blueprint/blueprint.xml"
]
didChange: VersionedTextDocumentIdentifier [
  version = 19
  uri = "file:///home/lheinema/ws_fusetooling_dev/bla/src/main/resources/OSGI-INF/blueprint/blueprint.xml"
]
didChange: VersionedTextDocumentIdentifier [
  version = 20
  uri = "file:///home/lheinema/ws_fusetooling_dev/bla/src/main/resources/OSGI-INF/blueprint/blueprint.xml"
]
completion: file:///home/lheinema/ws_fusetooling_dev/bla/src/main/resources/OSGI-INF/blueprint/blueprint.xml
Error searching for corresponding node elements
org.xml.sax.SAXParseException; lineNumber: 38; columnNumber: 9; Auf Elementtyp "f" müssen entweder Attributspezifikationen, ">" oder "/>" folgen.
	at com.sun.org.apache.xerces.internal.parsers.DOMParser.parse(DOMParser.java:257)
	at com.sun.org.apache.xerces.internal.jaxp.DocumentBuilderImpl.parse(DocumentBuilderImpl.java:339)
	at javax.xml.parsers.DocumentBuilder.parse(DocumentBuilder.java:121)
	at com.github.cameltooling.lsp.internal.parser.ParserFileHelper.hasElementFromCamelNamespace(ParserFileHelper.java:90)
	at com.github.cameltooling.lsp.internal.parser.ParserFileHelper.getCorrespondingCamelNodeForCompletion(ParserFileHelper.java:78)
	at com.github.cameltooling.lsp.internal.completion.CamelEndpointCompletionProcessor.getCompletions(CamelEndpointCompletionProcessor.java:50)
	at com.github.cameltooling.lsp.internal.CamelTextDocumentService.completion(CamelTextDocumentService.java:82)
	at sun.reflect.NativeMethodAccessorImpl.invoke0(Native Method)
	at sun.reflect.NativeMethodAccessorImpl.invoke(NativeMethodAccessorImpl.java:62)
	at sun.reflect.DelegatingMethodAccessorImpl.invoke(DelegatingMethodAccessorImpl.java:43)
	at java.lang.reflect.Method.invoke(Method.java:498)
	at org.eclipse.lsp4j.jsonrpc.services.GenericEndpoint.lambda$null$0(GenericEndpoint.java:51)
	at org.eclipse.lsp4j.jsonrpc.services.GenericEndpoint.request(GenericEndpoint.java:105)
	at org.eclipse.lsp4j.jsonrpc.RemoteEndpoint.handleRequest(RemoteEndpoint.java:210)
	at org.eclipse.lsp4j.jsonrpc.RemoteEndpoint.consume(RemoteEndpoint.java:146)
	at org.eclipse.lsp4j.jsonrpc.json.StreamMessageProducer.handleMessage(StreamMessageProducer.java:149)
	at org.eclipse.lsp4j.jsonrpc.json.StreamMessageProducer.listen(StreamMessageProducer.java:77)
	at org.eclipse.lsp4j.jsonrpc.json.ConcurrentMessageProcessor.run(ConcurrentMessageProcessor.java:84)
	at java.util.concurrent.Executors$RunnableAdapter.call(Executors.java:511)
	at java.util.concurrent.FutureTask.run(FutureTask.java:266)
	at java.util.concurrent.ThreadPoolExecutor.runWorker(ThreadPoolExecutor.java:1149)
	at java.util.concurrent.ThreadPoolExecutor$Worker.run(ThreadPoolExecutor.java:624)
	at java.lang.Thread.run(Thread.java:748)
didChange: VersionedTextDocumentIdentifier [
  version = 22
  uri = "file:///home/lheinema/ws_fusetooling_dev/bla/src/main/resources/OSGI-INF/blueprint/blueprint.xml"
]
didChange: VersionedTextDocumentIdentifier [
  version = 23
  uri = "file:///home/lheinema/ws_fusetooling_dev/bla/src/main/resources/OSGI-INF/blueprint/blueprint.xml"
]
didChange: VersionedTextDocumentIdentifier [
  version = 24
  uri = "file:///home/lheinema/ws_fusetooling_dev/bla/src/main/resources/OSGI-INF/blueprint/blueprint.xml"
]
didChange: VersionedTextDocumentIdentifier [
  version = 25
  uri = "file:///home/lheinema/ws_fusetooling_dev/bla/src/main/resources/OSGI-INF/blueprint/blueprint.xml"
]
completion: file:///home/lheinema/ws_fusetooling_dev/bla/src/main/resources/OSGI-INF/blueprint/blueprint.xml
Error searching for corresponding node elements
org.xml.sax.SAXParseException; lineNumber: 38; columnNumber: 9; Mit Elementtyp "from" verknüpfter Attributname "u" muss vom Zeichen " = " gefolgt werden.
	at com.sun.org.apache.xerces.internal.parsers.DOMParser.parse(DOMParser.java:257)
	at com.sun.org.apache.xerces.internal.jaxp.DocumentBuilderImpl.parse(DocumentBuilderImpl.java:339)
	at javax.xml.parsers.DocumentBuilder.parse(DocumentBuilder.java:121)
	at com.github.cameltooling.lsp.internal.parser.ParserFileHelper.hasElementFromCamelNamespace(ParserFileHelper.java:90)
	at com.github.cameltooling.lsp.internal.parser.ParserFileHelper.getCorrespondingCamelNodeForCompletion(ParserFileHelper.java:78)
	at com.github.cameltooling.lsp.internal.completion.CamelEndpointCompletionProcessor.getCompletions(CamelEndpointCompletionProcessor.java:50)
	at com.github.cameltooling.lsp.internal.CamelTextDocumentService.completion(CamelTextDocumentService.java:82)
	at sun.reflect.NativeMethodAccessorImpl.invoke0(Native Method)
	at sun.reflect.NativeMethodAccessorImpl.invoke(NativeMethodAccessorImpl.java:62)
	at sun.reflect.DelegatingMethodAccessorImpl.invoke(DelegatingMethodAccessorImpl.java:43)
	at java.lang.reflect.Method.invoke(Method.java:498)
	at org.eclipse.lsp4j.jsonrpc.services.GenericEndpoint.lambda$null$0(GenericEndpoint.java:51)
	at org.eclipse.lsp4j.jsonrpc.services.GenericEndpoint.request(GenericEndpoint.java:105)
	at org.eclipse.lsp4j.jsonrpc.RemoteEndpoint.handleRequest(RemoteEndpoint.java:210)
	at org.eclipse.lsp4j.jsonrpc.RemoteEndpoint.consume(RemoteEndpoint.java:146)
	at org.eclipse.lsp4j.jsonrpc.json.StreamMessageProducer.handleMessage(StreamMessageProducer.java:149)
	at org.eclipse.lsp4j.jsonrpc.json.StreamMessageProducer.listen(StreamMessageProducer.java:77)
	at org.eclipse.lsp4j.jsonrpc.json.ConcurrentMessageProcessor.run(ConcurrentMessageProcessor.java:84)
	at java.util.concurrent.Executors$RunnableAdapter.call(Executors.java:511)
	at java.util.concurrent.FutureTask.run(FutureTask.java:266)
	at java.util.concurrent.ThreadPoolExecutor.runWorker(ThreadPoolExecutor.java:1149)
	at java.util.concurrent.ThreadPoolExecutor$Worker.run(ThreadPoolExecutor.java:624)
	at java.lang.Thread.run(Thread.java:748)
didChange: VersionedTextDocumentIdentifier [
  version = 27
  uri = "file:///home/lheinema/ws_fusetooling_dev/bla/src/main/resources/OSGI-INF/blueprint/blueprint.xml"
]
completion: file:///home/lheinema/ws_fusetooling_dev/bla/src/main/resources/OSGI-INF/blueprint/blueprint.xml
Error searching for corresponding node elements
org.xml.sax.SAXParseException; lineNumber: 38; columnNumber: 9; Mit Elementtyp "from" verknüpfter Attributname "uri" muss vom Zeichen " = " gefolgt werden.
	at com.sun.org.apache.xerces.internal.parsers.DOMParser.parse(DOMParser.java:257)
	at com.sun.org.apache.xerces.internal.jaxp.DocumentBuilderImpl.parse(DocumentBuilderImpl.java:339)
	at javax.xml.parsers.DocumentBuilder.parse(DocumentBuilder.java:121)
	at com.github.cameltooling.lsp.internal.parser.ParserFileHelper.hasElementFromCamelNamespace(ParserFileHelper.java:90)
	at com.github.cameltooling.lsp.internal.parser.ParserFileHelper.getCorrespondingCamelNodeForCompletion(ParserFileHelper.java:78)
	at com.github.cameltooling.lsp.internal.completion.CamelEndpointCompletionProcessor.getCompletions(CamelEndpointCompletionProcessor.java:50)
	at com.github.cameltooling.lsp.internal.CamelTextDocumentService.completion(CamelTextDocumentService.java:82)
	at sun.reflect.NativeMethodAccessorImpl.invoke0(Native Method)
	at sun.reflect.NativeMethodAccessorImpl.invoke(NativeMethodAccessorImpl.java:62)
	at sun.reflect.DelegatingMethodAccessorImpl.invoke(DelegatingMethodAccessorImpl.java:43)
	at java.lang.reflect.Method.invoke(Method.java:498)
	at org.eclipse.lsp4j.jsonrpc.services.GenericEndpoint.lambda$null$0(GenericEndpoint.java:51)
	at org.eclipse.lsp4j.jsonrpc.services.GenericEndpoint.request(GenericEndpoint.java:105)
	at org.eclipse.lsp4j.jsonrpc.RemoteEndpoint.handleRequest(RemoteEndpoint.java:210)
	at org.eclipse.lsp4j.jsonrpc.RemoteEndpoint.consume(RemoteEndpoint.java:146)
	at org.eclipse.lsp4j.jsonrpc.json.StreamMessageProducer.handleMessage(StreamMessageProducer.java:149)
	at org.eclipse.lsp4j.jsonrpc.json.StreamMessageProducer.listen(StreamMessageProducer.java:77)
	at org.eclipse.lsp4j.jsonrpc.json.ConcurrentMessageProcessor.run(ConcurrentMessageProcessor.java:84)
	at java.util.concurrent.Executors$RunnableAdapter.call(Executors.java:511)
	at java.util.concurrent.FutureTask.run(FutureTask.java:266)
	at java.util.concurrent.ThreadPoolExecutor.runWorker(ThreadPoolExecutor.java:1149)
	at java.util.concurrent.ThreadPoolExecutor$Worker.run(ThreadPoolExecutor.java:624)
	at java.lang.Thread.run(Thread.java:748)
didChange: VersionedTextDocumentIdentifier [
  version = 28
  uri = "file:///home/lheinema/ws_fusetooling_dev/bla/src/main/resources/OSGI-INF/blueprint/blueprint.xml"
]
completion: file:///home/lheinema/ws_fusetooling_dev/bla/src/main/resources/OSGI-INF/blueprint/blueprint.xml
Error searching for corresponding node elements
org.xml.sax.SAXParseException; lineNumber: 38; columnNumber: 9; Öffnendes Anführungszeichen wird für Attribut "uri" erwartet, das mit Elementtyp "from" verknüpft ist.
	at com.sun.org.apache.xerces.internal.parsers.DOMParser.parse(DOMParser.java:257)
	at com.sun.org.apache.xerces.internal.jaxp.DocumentBuilderImpl.parse(DocumentBuilderImpl.java:339)
	at javax.xml.parsers.DocumentBuilder.parse(DocumentBuilder.java:121)
	at com.github.cameltooling.lsp.internal.parser.ParserFileHelper.hasElementFromCamelNamespace(ParserFileHelper.java:90)
	at com.github.cameltooling.lsp.internal.parser.ParserFileHelper.getCorrespondingCamelNodeForCompletion(ParserFileHelper.java:78)
	at com.github.cameltooling.lsp.internal.completion.CamelEndpointCompletionProcessor.getCompletions(CamelEndpointCompletionProcessor.java:50)
	at com.github.cameltooling.lsp.internal.CamelTextDocumentService.completion(CamelTextDocumentService.java:82)
	at sun.reflect.NativeMethodAccessorImpl.invoke0(Native Method)
	at sun.reflect.NativeMethodAccessorImpl.invoke(NativeMethodAccessorImpl.java:62)
	at sun.reflect.DelegatingMethodAccessorImpl.invoke(DelegatingMethodAccessorImpl.java:43)
	at java.lang.reflect.Method.invoke(Method.java:498)
	at org.eclipse.lsp4j.jsonrpc.services.GenericEndpoint.lambda$null$0(GenericEndpoint.java:51)
	at org.eclipse.lsp4j.jsonrpc.services.GenericEndpoint.request(GenericEndpoint.java:105)
	at org.eclipse.lsp4j.jsonrpc.RemoteEndpoint.handleRequest(RemoteEndpoint.java:210)
	at org.eclipse.lsp4j.jsonrpc.RemoteEndpoint.consume(RemoteEndpoint.java:146)
	at org.eclipse.lsp4j.jsonrpc.json.StreamMessageProducer.handleMessage(StreamMessageProducer.java:149)
	at org.eclipse.lsp4j.jsonrpc.json.StreamMessageProducer.listen(StreamMessageProducer.java:77)
	at org.eclipse.lsp4j.jsonrpc.json.ConcurrentMessageProcessor.run(ConcurrentMessageProcessor.java:84)
	at java.util.concurrent.Executors$RunnableAdapter.call(Executors.java:511)
	at java.util.concurrent.FutureTask.run(FutureTask.java:266)
	at java.util.concurrent.ThreadPoolExecutor.runWorker(ThreadPoolExecutor.java:1149)
	at java.util.concurrent.ThreadPoolExecutor$Worker.run(ThreadPoolExecutor.java:624)
	at java.lang.Thread.run(Thread.java:748)
didChange: VersionedTextDocumentIdentifier [
  version = 29
  uri = "file:///home/lheinema/ws_fusetooling_dev/bla/src/main/resources/OSGI-INF/blueprint/blueprint.xml"
]
completion: file:///home/lheinema/ws_fusetooling_dev/bla/src/main/resources/OSGI-INF/blueprint/blueprint.xml
Error searching for corresponding node elements
org.xml.sax.SAXParseException; lineNumber: 38; columnNumber: 9; Auf Elementtyp "from" müssen entweder Attributspezifikationen, ">" oder "/>" folgen.
	at com.sun.org.apache.xerces.internal.parsers.DOMParser.parse(DOMParser.java:257)
	at com.sun.org.apache.xerces.internal.jaxp.DocumentBuilderImpl.parse(DocumentBuilderImpl.java:339)
	at javax.xml.parsers.DocumentBuilder.parse(DocumentBuilder.java:121)
	at com.github.cameltooling.lsp.internal.parser.ParserFileHelper.hasElementFromCamelNamespace(ParserFileHelper.java:90)
	at com.github.cameltooling.lsp.internal.parser.ParserFileHelper.getCorrespondingCamelNodeForCompletion(ParserFileHelper.java:78)
	at com.github.cameltooling.lsp.internal.completion.CamelEndpointCompletionProcessor.getCompletions(CamelEndpointCompletionProcessor.java:50)
	at com.github.cameltooling.lsp.internal.CamelTextDocumentService.completion(CamelTextDocumentService.java:82)
	at sun.reflect.NativeMethodAccessorImpl.invoke0(Native Method)
	at sun.reflect.NativeMethodAccessorImpl.invoke(NativeMethodAccessorImpl.java:62)
	at sun.reflect.DelegatingMethodAccessorImpl.invoke(DelegatingMethodAccessorImpl.java:43)
	at java.lang.reflect.Method.invoke(Method.java:498)
	at org.eclipse.lsp4j.jsonrpc.services.GenericEndpoint.lambda$null$0(GenericEndpoint.java:51)
	at org.eclipse.lsp4j.jsonrpc.services.GenericEndpoint.request(GenericEndpoint.java:105)
	at org.eclipse.lsp4j.jsonrpc.RemoteEndpoint.handleRequest(RemoteEndpoint.java:210)
	at org.eclipse.lsp4j.jsonrpc.RemoteEndpoint.consume(RemoteEndpoint.java:146)
	at org.eclipse.lsp4j.jsonrpc.json.StreamMessageProducer.handleMessage(StreamMessageProducer.java:149)
	at org.eclipse.lsp4j.jsonrpc.json.StreamMessageProducer.listen(StreamMessageProducer.java:77)
	at org.eclipse.lsp4j.jsonrpc.json.ConcurrentMessageProcessor.run(ConcurrentMessageProcessor.java:84)
	at java.util.concurrent.Executors$RunnableAdapter.call(Executors.java:511)
	at java.util.concurrent.FutureTask.run(FutureTask.java:266)
	at java.util.concurrent.ThreadPoolExecutor.runWorker(ThreadPoolExecutor.java:1149)
	at java.util.concurrent.ThreadPoolExecutor$Worker.run(ThreadPoolExecutor.java:624)
	at java.lang.Thread.run(Thread.java:748)
didChange: VersionedTextDocumentIdentifier [
  version = 30
  uri = "file:///home/lheinema/ws_fusetooling_dev/bla/src/main/resources/OSGI-INF/blueprint/blueprint.xml"
]
didChange: VersionedTextDocumentIdentifier [
  version = 32
  uri = "file:///home/lheinema/ws_fusetooling_dev/bla/src/main/resources/OSGI-INF/blueprint/blueprint.xml"
]
completion: file:///home/lheinema/ws_fusetooling_dev/bla/src/main/resources/OSGI-INF/blueprint/blueprint.xml
resolveCompletionItem: null
resolveCompletionItem: null
resolveCompletionItem: null
resolveCompletionItem: null
resolveCompletionItem: null
resolveCompletionItem: null
resolveCompletionItem: null
resolveCompletionItem: null
resolveCompletionItem: null
resolveCompletionItem: null
resolveCompletionItem: null
resolveCompletionItem: null
resolveCompletionItem: null
resolveCompletionItem: null
resolveCompletionItem: null
didChange: VersionedTextDocumentIdentifier [
  version = 33
  uri = "file:///home/lheinema/ws_fusetooling_dev/bla/src/main/resources/OSGI-INF/blueprint/blueprint.xml"
]
resolveCompletionItem: null
didChange: VersionedTextDocumentIdentifier [
  version = 34
  uri = "file:///home/lheinema/ws_fusetooling_dev/bla/src/main/resources/OSGI-INF/blueprint/blueprint.xml"
]
resolveCompletionItem: null
didChange: VersionedTextDocumentIdentifier [
  version = 35
  uri = "file:///home/lheinema/ws_fusetooling_dev/bla/src/main/resources/OSGI-INF/blueprint/blueprint.xml"
]
resolveCompletionItem: null
didChange: VersionedTextDocumentIdentifier [
  version = 36
  uri = "file:///home/lheinema/ws_fusetooling_dev/bla/src/main/resources/OSGI-INF/blueprint/blueprint.xml"
]
resolveCompletionItem: null
didChange: VersionedTextDocumentIdentifier [
  version = 37
  uri = "file:///home/lheinema/ws_fusetooling_dev/bla/src/main/resources/OSGI-INF/blueprint/blueprint.xml"
]
didChange: VersionedTextDocumentIdentifier [
  version = 38
  uri = "file:///home/lheinema/ws_fusetooling_dev/bla/src/main/resources/OSGI-INF/blueprint/blueprint.xml"
]
completion: file:///home/lheinema/ws_fusetooling_dev/bla/src/main/resources/OSGI-INF/blueprint/blueprint.xml
resolveCompletionItem: null
resolveCompletionItem: null
resolveCompletionItem: null
resolveCompletionItem: null
resolveCompletionItem: null
didChange: VersionedTextDocumentIdentifier [
  version = 39
  uri = "file:///home/lheinema/ws_fusetooling_dev/bla/src/main/resources/OSGI-INF/blueprint/blueprint.xml"
]
didChange: VersionedTextDocumentIdentifier [
  version = 40
  uri = "file:///home/lheinema/ws_fusetooling_dev/bla/src/main/resources/OSGI-INF/blueprint/blueprint.xml"
]
didChange: VersionedTextDocumentIdentifier [
  version = 41
  uri = "file:///home/lheinema/ws_fusetooling_dev/bla/src/main/resources/OSGI-INF/blueprint/blueprint.xml"
]
didChange: VersionedTextDocumentIdentifier [
  version = 42
  uri = "file:///home/lheinema/ws_fusetooling_dev/bla/src/main/resources/OSGI-INF/blueprint/blueprint.xml"
]
completion: file:///home/lheinema/ws_fusetooling_dev/bla/src/main/resources/OSGI-INF/blueprint/blueprint.xml
didChange: VersionedTextDocumentIdentifier [
  version = 43
  uri = "file:///home/lheinema/ws_fusetooling_dev/bla/src/main/resources/OSGI-INF/blueprint/blueprint.xml"
]
didChange: VersionedTextDocumentIdentifier [
  version = 44
  uri = "file:///home/lheinema/ws_fusetooling_dev/bla/src/main/resources/OSGI-INF/blueprint/blueprint.xml"
]
completion: file:///home/lheinema/ws_fusetooling_dev/bla/src/main/resources/OSGI-INF/blueprint/blueprint.xml
Error searching for corresponding node elements
org.xml.sax.SAXParseException; lineNumber: 37; columnNumber: 47; Auf "&" in der Entityreferenz muss umgehend der Entityname folgen.
	at com.sun.org.apache.xerces.internal.parsers.DOMParser.parse(DOMParser.java:257)
	at com.sun.org.apache.xerces.internal.jaxp.DocumentBuilderImpl.parse(DocumentBuilderImpl.java:339)
	at javax.xml.parsers.DocumentBuilder.parse(DocumentBuilder.java:121)
	at com.github.cameltooling.lsp.internal.parser.ParserFileHelper.hasElementFromCamelNamespace(ParserFileHelper.java:90)
	at com.github.cameltooling.lsp.internal.parser.ParserFileHelper.getCorrespondingCamelNodeForCompletion(ParserFileHelper.java:78)
	at com.github.cameltooling.lsp.internal.completion.CamelEndpointCompletionProcessor.getCompletions(CamelEndpointCompletionProcessor.java:50)
	at com.github.cameltooling.lsp.internal.CamelTextDocumentService.completion(CamelTextDocumentService.java:82)
	at sun.reflect.NativeMethodAccessorImpl.invoke0(Native Method)
	at sun.reflect.NativeMethodAccessorImpl.invoke(NativeMethodAccessorImpl.java:62)
	at sun.reflect.DelegatingMethodAccessorImpl.invoke(DelegatingMethodAccessorImpl.java:43)
	at java.lang.reflect.Method.invoke(Method.java:498)
	at org.eclipse.lsp4j.jsonrpc.services.GenericEndpoint.lambda$null$0(GenericEndpoint.java:51)
	at org.eclipse.lsp4j.jsonrpc.services.GenericEndpoint.request(GenericEndpoint.java:105)
	at org.eclipse.lsp4j.jsonrpc.RemoteEndpoint.handleRequest(RemoteEndpoint.java:210)
	at org.eclipse.lsp4j.jsonrpc.RemoteEndpoint.consume(RemoteEndpoint.java:146)
	at org.eclipse.lsp4j.jsonrpc.json.StreamMessageProducer.handleMessage(StreamMessageProducer.java:149)
	at org.eclipse.lsp4j.jsonrpc.json.StreamMessageProducer.listen(StreamMessageProducer.java:77)
	at org.eclipse.lsp4j.jsonrpc.json.ConcurrentMessageProcessor.run(ConcurrentMessageProcessor.java:84)
	at java.util.concurrent.Executors$RunnableAdapter.call(Executors.java:511)
	at java.util.concurrent.FutureTask.run(FutureTask.java:266)
	at java.util.concurrent.ThreadPoolExecutor.runWorker(ThreadPoolExecutor.java:1149)
	at java.util.concurrent.ThreadPoolExecutor$Worker.run(ThreadPoolExecutor.java:624)
	at java.lang.Thread.run(Thread.java:748)
didChange: VersionedTextDocumentIdentifier [
  version = 45
  uri = "file:///home/lheinema/ws_fusetooling_dev/bla/src/main/resources/OSGI-INF/blueprint/blueprint.xml"
]
completion: file:///home/lheinema/ws_fusetooling_dev/bla/src/main/resources/OSGI-INF/blueprint/blueprint.xml
Error searching for corresponding node elements
org.xml.sax.SAXParseException; lineNumber: 37; columnNumber: 47; Auf "&" in der Entityreferenz muss umgehend der Entityname folgen.
	at com.sun.org.apache.xerces.internal.parsers.DOMParser.parse(DOMParser.java:257)
	at com.sun.org.apache.xerces.internal.jaxp.DocumentBuilderImpl.parse(DocumentBuilderImpl.java:339)
	at javax.xml.parsers.DocumentBuilder.parse(DocumentBuilder.java:121)
	at com.github.cameltooling.lsp.internal.parser.ParserFileHelper.hasElementFromCamelNamespace(ParserFileHelper.java:90)
	at com.github.cameltooling.lsp.internal.parser.ParserFileHelper.getCorrespondingCamelNodeForCompletion(ParserFileHelper.java:78)
	at com.github.cameltooling.lsp.internal.completion.CamelEndpointCompletionProcessor.getCompletions(CamelEndpointCompletionProcessor.java:50)
	at com.github.cameltooling.lsp.internal.CamelTextDocumentService.completion(CamelTextDocumentService.java:82)
	at sun.reflect.NativeMethodAccessorImpl.invoke0(Native Method)
	at sun.reflect.NativeMethodAccessorImpl.invoke(NativeMethodAccessorImpl.java:62)
	at sun.reflect.DelegatingMethodAccessorImpl.invoke(DelegatingMethodAccessorImpl.java:43)
	at java.lang.reflect.Method.invoke(Method.java:498)
	at org.eclipse.lsp4j.jsonrpc.services.GenericEndpoint.lambda$null$0(GenericEndpoint.java:51)
	at org.eclipse.lsp4j.jsonrpc.services.GenericEndpoint.request(GenericEndpoint.java:105)
	at org.eclipse.lsp4j.jsonrpc.RemoteEndpoint.handleRequest(RemoteEndpoint.java:210)
	at org.eclipse.lsp4j.jsonrpc.RemoteEndpoint.consume(RemoteEndpoint.java:146)
	at org.eclipse.lsp4j.jsonrpc.json.StreamMessageProducer.handleMessage(StreamMessageProducer.java:149)
	at org.eclipse.lsp4j.jsonrpc.json.StreamMessageProducer.listen(StreamMessageProducer.java:77)
	at org.eclipse.lsp4j.jsonrpc.json.ConcurrentMessageProcessor.run(ConcurrentMessageProcessor.java:84)
	at java.util.concurrent.Executors$RunnableAdapter.call(Executors.java:511)
	at java.util.concurrent.FutureTask.run(FutureTask.java:266)
	at java.util.concurrent.ThreadPoolExecutor.runWorker(ThreadPoolExecutor.java:1149)
	at java.util.concurrent.ThreadPoolExecutor$Worker.run(ThreadPoolExecutor.java:624)
	at java.lang.Thread.run(Thread.java:748)
didChange: VersionedTextDocumentIdentifier [
  version = 46
  uri = "file:///home/lheinema/ws_fusetooling_dev/bla/src/main/resources/OSGI-INF/blueprint/blueprint.xml"
]
didChange: VersionedTextDocumentIdentifier [
  version = 47
  uri = "file:///home/lheinema/ws_fusetooling_dev/bla/src/main/resources/OSGI-INF/blueprint/blueprint.xml"
]
didChange: VersionedTextDocumentIdentifier [
  version = 48
  uri = "file:///home/lheinema/ws_fusetooling_dev/bla/src/main/resources/OSGI-INF/blueprint/blueprint.xml"
]
didChange: VersionedTextDocumentIdentifier [
  version = 49
  uri = "file:///home/lheinema/ws_fusetooling_dev/bla/src/main/resources/OSGI-INF/blueprint/blueprint.xml"
]
completion: file:///home/lheinema/ws_fusetooling_dev/bla/src/main/resources/OSGI-INF/blueprint/blueprint.xml
Error searching for corresponding node elements
org.xml.sax.SAXParseException; lineNumber: 37; columnNumber: 48; Auf "&" in der Entityreferenz muss umgehend der Entityname folgen.
	at com.sun.org.apache.xerces.internal.parsers.DOMParser.parse(DOMParser.java:257)
	at com.sun.org.apache.xerces.internal.jaxp.DocumentBuilderImpl.parse(DocumentBuilderImpl.java:339)
	at javax.xml.parsers.DocumentBuilder.parse(DocumentBuilder.java:121)
	at com.github.cameltooling.lsp.internal.parser.ParserFileHelper.hasElementFromCamelNamespace(ParserFileHelper.java:90)
	at com.github.cameltooling.lsp.internal.parser.ParserFileHelper.getCorrespondingCamelNodeForCompletion(ParserFileHelper.java:78)
	at com.github.cameltooling.lsp.internal.completion.CamelEndpointCompletionProcessor.getCompletions(CamelEndpointCompletionProcessor.java:50)
	at com.github.cameltooling.lsp.internal.CamelTextDocumentService.completion(CamelTextDocumentService.java:82)
	at sun.reflect.NativeMethodAccessorImpl.invoke0(Native Method)
	at sun.reflect.NativeMethodAccessorImpl.invoke(NativeMethodAccessorImpl.java:62)
	at sun.reflect.DelegatingMethodAccessorImpl.invoke(DelegatingMethodAccessorImpl.java:43)
	at java.lang.reflect.Method.invoke(Method.java:498)
	at org.eclipse.lsp4j.jsonrpc.services.GenericEndpoint.lambda$null$0(GenericEndpoint.java:51)
	at org.eclipse.lsp4j.jsonrpc.services.GenericEndpoint.request(GenericEndpoint.java:105)
	at org.eclipse.lsp4j.jsonrpc.RemoteEndpoint.handleRequest(RemoteEndpoint.java:210)
	at org.eclipse.lsp4j.jsonrpc.RemoteEndpoint.consume(RemoteEndpoint.java:146)
	at org.eclipse.lsp4j.jsonrpc.json.StreamMessageProducer.handleMessage(StreamMessageProducer.java:149)
	at org.eclipse.lsp4j.jsonrpc.json.StreamMessageProducer.listen(StreamMessageProducer.java:77)
	at org.eclipse.lsp4j.jsonrpc.json.ConcurrentMessageProcessor.run(ConcurrentMessageProcessor.java:84)
	at java.util.concurrent.Executors$RunnableAdapter.call(Executors.java:511)
	at java.util.concurrent.FutureTask.run(FutureTask.java:266)
	at java.util.concurrent.ThreadPoolExecutor.runWorker(ThreadPoolExecutor.java:1149)
	at java.util.concurrent.ThreadPoolExecutor$Worker.run(ThreadPoolExecutor.java:624)
	at java.lang.Thread.run(Thread.java:748)
completion: file:///home/lheinema/ws_fusetooling_dev/bla/src/main/resources/OSGI-INF/blueprint/blueprint.xml
Error searching for corresponding node elements
org.xml.sax.SAXParseException; lineNumber: 37; columnNumber: 48; Auf "&" in der Entityreferenz muss umgehend der Entityname folgen.
	at com.sun.org.apache.xerces.internal.parsers.DOMParser.parse(DOMParser.java:257)
	at com.sun.org.apache.xerces.internal.jaxp.DocumentBuilderImpl.parse(DocumentBuilderImpl.java:339)
	at javax.xml.parsers.DocumentBuilder.parse(DocumentBuilder.java:121)
	at com.github.cameltooling.lsp.internal.parser.ParserFileHelper.hasElementFromCamelNamespace(ParserFileHelper.java:90)
	at com.github.cameltooling.lsp.internal.parser.ParserFileHelper.getCorrespondingCamelNodeForCompletion(ParserFileHelper.java:78)
	at com.github.cameltooling.lsp.internal.completion.CamelEndpointCompletionProcessor.getCompletions(CamelEndpointCompletionProcessor.java:50)
	at com.github.cameltooling.lsp.internal.CamelTextDocumentService.completion(CamelTextDocumentService.java:82)
	at sun.reflect.NativeMethodAccessorImpl.invoke0(Native Method)
	at sun.reflect.NativeMethodAccessorImpl.invoke(NativeMethodAccessorImpl.java:62)
	at sun.reflect.DelegatingMethodAccessorImpl.invoke(DelegatingMethodAccessorImpl.java:43)
	at java.lang.reflect.Method.invoke(Method.java:498)
	at org.eclipse.lsp4j.jsonrpc.services.GenericEndpoint.lambda$null$0(GenericEndpoint.java:51)
	at org.eclipse.lsp4j.jsonrpc.services.GenericEndpoint.request(GenericEndpoint.java:105)
	at org.eclipse.lsp4j.jsonrpc.RemoteEndpoint.handleRequest(RemoteEndpoint.java:210)
	at org.eclipse.lsp4j.jsonrpc.RemoteEndpoint.consume(RemoteEndpoint.java:146)
	at org.eclipse.lsp4j.jsonrpc.json.StreamMessageProducer.handleMessage(StreamMessageProducer.java:149)
	at org.eclipse.lsp4j.jsonrpc.json.StreamMessageProducer.listen(StreamMessageProducer.java:77)
	at org.eclipse.lsp4j.jsonrpc.json.ConcurrentMessageProcessor.run(ConcurrentMessageProcessor.java:84)
	at java.util.concurrent.Executors$RunnableAdapter.call(Executors.java:511)
	at java.util.concurrent.FutureTask.run(FutureTask.java:266)
	at java.util.concurrent.ThreadPoolExecutor.runWorker(ThreadPoolExecutor.java:1149)
	at java.util.concurrent.ThreadPoolExecutor$Worker.run(ThreadPoolExecutor.java:624)
	at java.lang.Thread.run(Thread.java:748)
didChange: VersionedTextDocumentIdentifier [
  version = 51
  uri = "file:///home/lheinema/ws_fusetooling_dev/bla/src/main/resources/OSGI-INF/blueprint/blueprint.xml"
]
didChange: VersionedTextDocumentIdentifier [
  version = 54
  uri = "file:///home/lheinema/ws_fusetooling_dev/bla/src/main/resources/OSGI-INF/blueprint/blueprint.xml"
]
didChange: VersionedTextDocumentIdentifier [
  version = 55
  uri = "file:///home/lheinema/ws_fusetooling_dev/bla/src/main/resources/OSGI-INF/blueprint/blueprint.xml"
]
didChange: VersionedTextDocumentIdentifier [
  version = 56
  uri = "file:///home/lheinema/ws_fusetooling_dev/bla/src/main/resources/OSGI-INF/blueprint/blueprint.xml"
]
completion: file:///home/lheinema/ws_fusetooling_dev/bla/src/main/resources/OSGI-INF/blueprint/blueprint.xml
hover: TextDocumentIdentifier [
  uri = "file:///home/lheinema/ws_fusetooling_dev/bla/src/main/resources/OSGI-INF/blueprint/blueprint.xml"
]
hover: TextDocumentIdentifier [
  uri = "file:///home/lheinema/ws_fusetooling_dev/bla/src/main/resources/OSGI-INF/blueprint/blueprint.xml"
]
didChange: VersionedTextDocumentIdentifier [
  version = 57
  uri = "file:///home/lheinema/ws_fusetooling_dev/bla/src/main/resources/OSGI-INF/blueprint/blueprint.xml"
]
completion: file:///home/lheinema/ws_fusetooling_dev/bla/src/main/resources/OSGI-INF/blueprint/blueprint.xml
resolveCompletionItem: null
resolveCompletionItem: null
resolveCompletionItem: null
resolveCompletionItem: null
resolveCompletionItem: null
resolveCompletionItem: null
resolveCompletionItem: null
resolveCompletionItem: null
resolveCompletionItem: null
resolveCompletionItem: null
resolveCompletionItem: null
resolveCompletionItem: null
resolveCompletionItem: null
resolveCompletionItem: null
resolveCompletionItem: null
resolveCompletionItem: null
resolveCompletionItem: null
resolveCompletionItem: null
resolveCompletionItem: null
resolveCompletionItem: null
resolveCompletionItem: null
resolveCompletionItem: null
didChange: VersionedTextDocumentIdentifier [
  version = 58
  uri = "file:///home/lheinema/ws_fusetooling_dev/bla/src/main/resources/OSGI-INF/blueprint/blueprint.xml"
]
didChange: VersionedTextDocumentIdentifier [
  version = 59
  uri = "file:///home/lheinema/ws_fusetooling_dev/bla/src/main/resources/OSGI-INF/blueprint/blueprint.xml"
]
completion: file:///home/lheinema/ws_fusetooling_dev/bla/src/main/resources/OSGI-INF/blueprint/blueprint.xml
Error searching for corresponding node elements
org.xml.sax.SAXParseException; lineNumber: 37; columnNumber: 50; Auf "&" in der Entityreferenz muss umgehend der Entityname folgen.
	at com.sun.org.apache.xerces.internal.parsers.DOMParser.parse(DOMParser.java:257)
	at com.sun.org.apache.xerces.internal.jaxp.DocumentBuilderImpl.parse(DocumentBuilderImpl.java:339)
	at javax.xml.parsers.DocumentBuilder.parse(DocumentBuilder.java:121)
	at com.github.cameltooling.lsp.internal.parser.ParserFileHelper.hasElementFromCamelNamespace(ParserFileHelper.java:90)
	at com.github.cameltooling.lsp.internal.parser.ParserFileHelper.getCorrespondingCamelNodeForCompletion(ParserFileHelper.java:78)
	at com.github.cameltooling.lsp.internal.completion.CamelEndpointCompletionProcessor.getCompletions(CamelEndpointCompletionProcessor.java:50)
	at com.github.cameltooling.lsp.internal.CamelTextDocumentService.completion(CamelTextDocumentService.java:82)
	at sun.reflect.NativeMethodAccessorImpl.invoke0(Native Method)
	at sun.reflect.NativeMethodAccessorImpl.invoke(NativeMethodAccessorImpl.java:62)
	at sun.reflect.DelegatingMethodAccessorImpl.invoke(DelegatingMethodAccessorImpl.java:43)
	at java.lang.reflect.Method.invoke(Method.java:498)
	at org.eclipse.lsp4j.jsonrpc.services.GenericEndpoint.lambda$null$0(GenericEndpoint.java:51)
	at org.eclipse.lsp4j.jsonrpc.services.GenericEndpoint.request(GenericEndpoint.java:105)
	at org.eclipse.lsp4j.jsonrpc.RemoteEndpoint.handleRequest(RemoteEndpoint.java:210)
	at org.eclipse.lsp4j.jsonrpc.RemoteEndpoint.consume(RemoteEndpoint.java:146)
	at org.eclipse.lsp4j.jsonrpc.json.StreamMessageProducer.handleMessage(StreamMessageProducer.java:149)
	at org.eclipse.lsp4j.jsonrpc.json.StreamMessageProducer.listen(StreamMessageProducer.java:77)
	at org.eclipse.lsp4j.jsonrpc.json.ConcurrentMessageProcessor.run(ConcurrentMessageProcessor.java:84)
	at java.util.concurrent.Executors$RunnableAdapter.call(Executors.java:511)
	at java.util.concurrent.FutureTask.run(FutureTask.java:266)
	at java.util.concurrent.ThreadPoolExecutor.runWorker(ThreadPoolExecutor.java:1149)
	at java.util.concurrent.ThreadPoolExecutor$Worker.run(ThreadPoolExecutor.java:624)
	at java.lang.Thread.run(Thread.java:748)
didChange: VersionedTextDocumentIdentifier [
  version = 60
  uri = "file:///home/lheinema/ws_fusetooling_dev/bla/src/main/resources/OSGI-INF/blueprint/blueprint.xml"
]
didChange: VersionedTextDocumentIdentifier [
  version = 61
  uri = "file:///home/lheinema/ws_fusetooling_dev/bla/src/main/resources/OSGI-INF/blueprint/blueprint.xml"
]
didChange: VersionedTextDocumentIdentifier [
  version = 62
  uri = "file:///home/lheinema/ws_fusetooling_dev/bla/src/main/resources/OSGI-INF/blueprint/blueprint.xml"
]
completion: file:///home/lheinema/ws_fusetooling_dev/bla/src/main/resources/OSGI-INF/blueprint/blueprint.xml
Error searching for corresponding node elements
org.xml.sax.SAXParseException; lineNumber: 37; columnNumber: 55; Referenz zu Entity "delay" muss mit dem Begrenzungszeichen ";" enden.
	at com.sun.org.apache.xerces.internal.parsers.DOMParser.parse(DOMParser.java:257)
	at com.sun.org.apache.xerces.internal.jaxp.DocumentBuilderImpl.parse(DocumentBuilderImpl.java:339)
	at javax.xml.parsers.DocumentBuilder.parse(DocumentBuilder.java:121)
	at com.github.cameltooling.lsp.internal.parser.ParserFileHelper.hasElementFromCamelNamespace(ParserFileHelper.java:90)
	at com.github.cameltooling.lsp.internal.parser.ParserFileHelper.getCorrespondingCamelNodeForCompletion(ParserFileHelper.java:78)
	at com.github.cameltooling.lsp.internal.completion.CamelEndpointCompletionProcessor.getCompletions(CamelEndpointCompletionProcessor.java:50)
	at com.github.cameltooling.lsp.internal.CamelTextDocumentService.completion(CamelTextDocumentService.java:82)
	at sun.reflect.GeneratedMethodAccessor3.invoke(Unknown Source)
	at sun.reflect.DelegatingMethodAccessorImpl.invoke(DelegatingMethodAccessorImpl.java:43)
	at java.lang.reflect.Method.invoke(Method.java:498)
	at org.eclipse.lsp4j.jsonrpc.services.GenericEndpoint.lambda$null$0(GenericEndpoint.java:51)
	at org.eclipse.lsp4j.jsonrpc.services.GenericEndpoint.request(GenericEndpoint.java:105)
	at org.eclipse.lsp4j.jsonrpc.RemoteEndpoint.handleRequest(RemoteEndpoint.java:210)
	at org.eclipse.lsp4j.jsonrpc.RemoteEndpoint.consume(RemoteEndpoint.java:146)
	at org.eclipse.lsp4j.jsonrpc.json.StreamMessageProducer.handleMessage(StreamMessageProducer.java:149)
	at org.eclipse.lsp4j.jsonrpc.json.StreamMessageProducer.listen(StreamMessageProducer.java:77)
	at org.eclipse.lsp4j.jsonrpc.json.ConcurrentMessageProcessor.run(ConcurrentMessageProcessor.java:84)
	at java.util.concurrent.Executors$RunnableAdapter.call(Executors.java:511)
	at java.util.concurrent.FutureTask.run(FutureTask.java:266)
	at java.util.concurrent.ThreadPoolExecutor.runWorker(ThreadPoolExecutor.java:1149)
	at java.util.concurrent.ThreadPoolExecutor$Worker.run(ThreadPoolExecutor.java:624)
	at java.lang.Thread.run(Thread.java:748)
didChange: VersionedTextDocumentIdentifier [
  version = 64
  uri = "file:///home/lheinema/ws_fusetooling_dev/bla/src/main/resources/OSGI-INF/blueprint/blueprint.xml"
]
didChange: VersionedTextDocumentIdentifier [
  version = 65
  uri = "file:///home/lheinema/ws_fusetooling_dev/bla/src/main/resources/OSGI-INF/blueprint/blueprint.xml"
]
didChange: VersionedTextDocumentIdentifier [
  version = 66
  uri = "file:///home/lheinema/ws_fusetooling_dev/bla/src/main/resources/OSGI-INF/blueprint/blueprint.xml"
]
completion: file:///home/lheinema/ws_fusetooling_dev/bla/src/main/resources/OSGI-INF/blueprint/blueprint.xml
resolveCompletionItem: null
resolveCompletionItem: null
resolveCompletionItem: null
resolveCompletionItem: null
resolveCompletionItem: null
resolveCompletionItem: null
resolveCompletionItem: null
resolveCompletionItem: null
resolveCompletionItem: null
resolveCompletionItem: null
resolveCompletionItem: null
resolveCompletionItem: null
resolveCompletionItem: null
resolveCompletionItem: null
resolveCompletionItem: null
resolveCompletionItem: null
resolveCompletionItem: null
resolveCompletionItem: null
resolveCompletionItem: null
resolveCompletionItem: null
resolveCompletionItem: null
resolveCompletionItem: null
resolveCompletionItem: null
resolveCompletionItem: null
resolveCompletionItem: null
resolveCompletionItem: null
didChange: VersionedTextDocumentIdentifier [
  version = 67
  uri = "file:///home/lheinema/ws_fusetooling_dev/bla/src/main/resources/OSGI-INF/blueprint/blueprint.xml"
]
Shutting down language server
Stopping language server
